#
# There is insufficient memory for the Java Runtime Environment to continue.
# Native memory allocation (mmap) failed to map 55574528 bytes for G1 virtual space
# Possible reasons:
#   The system is out of physical RAM or swap space
#   The process is running with CompressedOops enabled, and the Java Heap may be blocking the growth of the native heap
# Possible solutions:
#   Reduce memory load on the system
#   Increase physical memory or swap space
#   Check if swap backing store is full
#   Decrease Java heap size (-Xmx/-Xms)
#   Decrease number of Java threads
#   Decrease Java thread stack sizes (-Xss)
#   Set larger code cache with -XX:ReservedCodeCacheSize=
#   JVM is running with Unscaled Compressed Oops mode in which the Java heap is
#     placed in the first 4GB address space. The Java Heap base address is the
#     maximum limit for the native heap growth. Please use -XX:HeapBaseMinAddress
#     to set the Java Heap base and to place the Java Heap above 4GB virtual address.
# This output file may be truncated or incomplete.
#
#  Out of Memory Error (os_windows.cpp:3536), pid=10652, tid=3860
#
# JRE version: OpenJDK Runtime Environment Corretto-19.0.2.7.1 (19.0.2+7) (build 19.0.2+7-FR)
# Java VM: OpenJDK 64-Bit Server VM Corretto-19.0.2.7.1 (19.0.2+7-FR, mixed mode, sharing, tiered, compressed oops, compressed class ptrs, g1 gc, windows-amd64)
# No core dump will be written. Minidumps are not enabled by default on client versions of Windows
#

---------------  S U M M A R Y ------------

Command Line: org.jetbrains.kotlin.cli.jvm.K2JVMCompiler @C:\Users\yr\AndroidStudioProjects\KotlinStudy\weixin\build\20231117_16089888392550002107.compiler.options

Host: Intel(R) Core(TM) i5-7200U CPU @ 2.50GHz, 4 cores, 7G,  Windows 10 , 64 bit Build 19041 (10.0.19041.3031)
Time: Fri Nov 17 20:38:32 2023  Windows 10 , 64 bit Build 19041 (10.0.19041.3031) elapsed time: 6.618327 seconds (0d 0h 0m 6s)

---------------  T H R E A D  ---------------

Current thread (0x00000246defd6de0):  VMThread "VM Thread" [stack: 0x00000064f7f00000,0x00000064f8000000] [id=3860]

Stack: [0x00000064f7f00000,0x00000064f8000000]
Native frames: (J=compiled Java code, j=interpreted, Vv=VM code, C=native code)
V  [jvm.dll+0x6d034a]
V  [jvm.dll+0x880f10]
V  [jvm.dll+0x88289e]
V  [jvm.dll+0x882f43]
V  [jvm.dll+0x27b4bb]
V  [jvm.dll+0x6cd13a]
V  [jvm.dll+0x6c1d3a]
V  [jvm.dll+0x351969]
V  [jvm.dll+0x359076]
V  [jvm.dll+0x3ad28a]
V  [jvm.dll+0x3ad4cf]
V  [jvm.dll+0x3261ea]
V  [jvm.dll+0x326297]
V  [jvm.dll+0x36ddd2]
V  [jvm.dll+0x36c4f0]
V  [jvm.dll+0x3259f0]
V  [jvm.dll+0x36ba8b]
V  [jvm.dll+0x887ff3]
V  [jvm.dll+0x888d9e]
V  [jvm.dll+0x8892e5]
V  [jvm.dll+0x88975b]
V  [jvm.dll+0x889815]
V  [jvm.dll+0x82e2fa]
V  [jvm.dll+0x6cf0d3]
C  [ucrtbase.dll+0x21bb2]
C  [KERNEL32.DLL+0x17614]
C  [ntdll.dll+0x526f1]

VM_Operation (0x00000064f79fc570): G1CollectForAllocation, mode: safepoint, requested by thread 0x00000246c02f6110


---------------  P R O C E S S  ---------------

Threads class SMR info:
_java_thread_list=0x00000246e34caa10, length=12, elements={
0x00000246c02f6110, 0x00000246deff39e0, 0x00000246deff7530, 0x00000246deff8420,
0x00000246deffae60, 0x00000246deffb790, 0x00000246deffc0c0, 0x00000246deffed30,
0x00000246df04d160, 0x00000246df04d6e0, 0x00000246e34f16f0, 0x00000246e34f4260
}

Java Threads: ( => current thread )
  0x00000246c02f6110 JavaThread "main" [_thread_blocked, id=6628, stack(0x00000064f7900000,0x00000064f7a00000)]
  0x00000246deff39e0 JavaThread "Reference Handler" daemon [_thread_blocked, id=3280, stack(0x00000064f8000000,0x00000064f8100000)]
  0x00000246deff7530 JavaThread "Finalizer" daemon [_thread_blocked, id=6728, stack(0x00000064f8100000,0x00000064f8200000)]
  0x00000246deff8420 JavaThread "Signal Dispatcher" daemon [_thread_blocked, id=1160, stack(0x00000064f8200000,0x00000064f8300000)]
  0x00000246deffae60 JavaThread "Attach Listener" daemon [_thread_blocked, id=10328, stack(0x00000064f8300000,0x00000064f8400000)]
  0x00000246deffb790 JavaThread "Service Thread" daemon [_thread_blocked, id=12232, stack(0x00000064f8400000,0x00000064f8500000)]
  0x00000246deffc0c0 JavaThread "Monitor Deflation Thread" daemon [_thread_blocked, id=7864, stack(0x00000064f8500000,0x00000064f8600000)]
  0x00000246deffed30 JavaThread "C2 CompilerThread0" daemon [_thread_blocked, id=6336, stack(0x00000064f8600000,0x00000064f8700000)]
  0x00000246df04d160 JavaThread "C1 CompilerThread0" daemon [_thread_blocked, id=3724, stack(0x00000064f8700000,0x00000064f8800000)]
  0x00000246df04d6e0 JavaThread "Sweeper thread" daemon [_thread_blocked, id=4236, stack(0x00000064f8800000,0x00000064f8900000)]
  0x00000246e34f16f0 JavaThread "Notification Thread" daemon [_thread_blocked, id=7444, stack(0x00000064f8900000,0x00000064f8a00000)]
  0x00000246e34f4260 JavaThread "Common-Cleaner" daemon [_thread_blocked, id=3556, stack(0x00000064f8b00000,0x00000064f8c00000)]

Other Threads:
=>0x00000246defd6de0 VMThread "VM Thread" [stack: 0x00000064f7f00000,0x00000064f8000000] [id=3860]
  0x00000246e34f1c30 WatcherThread "VM Periodic Task Thread" [stack: 0x00000064f8a00000,0x00000064f8b00000] [id=5852]
  0x00000246c0353c00 WorkerThread "GC Thread#0" [stack: 0x00000064f7a00000,0x00000064f7b00000] [id=6760]
  0x00000246e36bd030 WorkerThread "GC Thread#1" [stack: 0x00000064f8c00000,0x00000064f8d00000] [id=4908]
  0x00000246e36bd300 WorkerThread "GC Thread#2" [stack: 0x00000064f8d00000,0x00000064f8e00000] [id=1240]
  0x00000246e38a5850 WorkerThread "GC Thread#3" [stack: 0x00000064f8e00000,0x00000064f8f00000] [id=6260]
  0x00000246c0365920 ConcurrentGCThread "G1 Main Marker" [stack: 0x00000064f7b00000,0x00000064f7c00000] [id=11816]
  0x00000246c0366aa0 WorkerThread "G1 Conc#0" [stack: 0x00000064f7c00000,0x00000064f7d00000] [id=11384]
  0x00000246dee944e0 ConcurrentGCThread "G1 Refine#0" [stack: 0x00000064f7d00000,0x00000064f7e00000] [id=6188]
  0x00000246c03add40 ConcurrentGCThread "G1 Service" [stack: 0x00000064f7e00000,0x00000064f7f00000] [id=6852]

Threads with active compile tasks:
C2 CompilerThread0     6677 4907       4       java.lang.String::replace (42 bytes)
C1 CompilerThread0     6677 4916       3       java.lang.String::regionMatches (189 bytes)

VM state: at safepoint (normal execution)

VM Mutex/Monitor currently owned by a thread:  ([mutex/lock_event])
[0x00000246c02f2300] Threads_lock - owner thread: 0x00000246defd6de0
[0x00000246c02f09b0] Heap_lock - owner thread: 0x00000246c02f6110

Heap address: 0x0000000081800000, size: 2024 MB, Compressed Oops mode: 32-bit

CDS archive(s) mapped at: [0x0000000800000000-0x0000000800c40000-0x0000000800c40000), size 12845056, SharedBaseAddress: 0x0000000800000000, ArchiveRelocationMode: 0.
Compressed class space mapped at: 0x0000000801000000-0x0000000841000000, reserved size: 1073741824
Narrow klass base: 0x0000000800000000, Narrow klass shift: 0, Narrow klass range: 0x100000000

GC Precious Log:
 CardTable entry size: 512
 Card Set container configuration: InlinePtr #cards 5 size 8 Array Of Cards #cards 12 size 40 Howl #buckets 4 coarsen threshold 1843 Howl Bitmap #cards 512 size 80 coarsen threshold 460 Card regions per heap region 1 cards per card region 2048
 CPUs: 4 total, 4 available
 Memory: 8090M
 Large Page Support: Disabled
 NUMA Support: Disabled
 Compressed Oops: Enabled (32-bit)
 Heap Region Size: 1M
 Heap Min Capacity: 8M
 Heap Initial Capacity: 128M
 Heap Max Capacity: 2024M
 Pre-touch: Disabled
 Parallel Workers: 4
 Concurrent Workers: 1
 Concurrent Refinement Workers: 4
 Periodic GC: Disabled

Heap:
 garbage-first heap   total 132096K, used 40558K [0x0000000081800000, 0x0000000100000000)
  region size 1024K, 4 young (4096K), 4 survivors (4096K)
 Metaspace       used 50435K, committed 51264K, reserved 1114112K
  class space    used 6109K, committed 6528K, reserved 1048576K

Heap Regions: E=young(eden), S=young(survivor), O=old, HS=humongous(starts), HC=humongous(continues), CS=collection set, F=free, OA=open archive, CA=closed archive, TAMS=top-at-mark-start (previous, next)
|   0|0x0000000081800000, 0x0000000081900000, 0x0000000081900000|100%|HS|  |TAMS 0x0000000081900000, 0x0000000081800000| Complete 
|   1|0x0000000081900000, 0x0000000081a00000, 0x0000000081a00000|100%|HC|  |TAMS 0x0000000081a00000, 0x0000000081900000| Complete 
|   2|0x0000000081a00000, 0x0000000081b00000, 0x0000000081b00000|100%|HC|  |TAMS 0x0000000081b00000, 0x0000000081a00000| Complete 
|   3|0x0000000081b00000, 0x0000000081c00000, 0x0000000081c00000|100%|HC|  |TAMS 0x0000000081c00000, 0x0000000081b00000| Complete 
|   4|0x0000000081c00000, 0x0000000081d00000, 0x0000000081d00000|100%| O|  |TAMS 0x0000000081d00000, 0x0000000081c00000| Untracked 
|   5|0x0000000081d00000, 0x0000000081e00000, 0x0000000081e00000|100%| O|  |TAMS 0x0000000081e00000, 0x0000000081d00000| Untracked 
|   6|0x0000000081e00000, 0x0000000081f00000, 0x0000000081f00000|100%| O|  |TAMS 0x0000000081f00000, 0x0000000081e00000| Untracked 
|   7|0x0000000081f00000, 0x0000000082000000, 0x0000000082000000|100%| O|  |TAMS 0x0000000082000000, 0x0000000081f00000| Untracked 
|   8|0x0000000082000000, 0x0000000082100000, 0x0000000082100000|100%| O|  |TAMS 0x0000000082100000, 0x0000000082000000| Untracked 
|   9|0x0000000082100000, 0x0000000082200000, 0x0000000082200000|100%| O|  |TAMS 0x0000000082200000, 0x0000000082100000| Untracked 
|  10|0x0000000082200000, 0x0000000082300000, 0x0000000082300000|100%| O|  |TAMS 0x0000000082300000, 0x0000000082200000| Untracked 
|  11|0x0000000082300000, 0x0000000082400000, 0x0000000082400000|100%| O|  |TAMS 0x0000000082400000, 0x0000000082300000| Untracked 
|  12|0x0000000082400000, 0x0000000082500000, 0x0000000082500000|100%| O|  |TAMS 0x0000000082500000, 0x0000000082400000| Untracked 
|  13|0x0000000082500000, 0x0000000082600000, 0x0000000082600000|100%| O|  |TAMS 0x0000000082600000, 0x0000000082500000| Untracked 
|  14|0x0000000082600000, 0x0000000082700000, 0x0000000082700000|100%| O|  |TAMS 0x0000000082600000, 0x0000000082600000| Untracked 
|  15|0x0000000082700000, 0x0000000082800000, 0x0000000082800000|100%| O|  |TAMS 0x000000008278b800, 0x0000000082700000| Untracked 
|  16|0x0000000082800000, 0x0000000082900000, 0x0000000082900000|100%|HS|  |TAMS 0x0000000082800000, 0x0000000082800000| Complete 
|  17|0x0000000082900000, 0x0000000082a00000, 0x0000000082a00000|100%|HC|  |TAMS 0x0000000082900000, 0x0000000082900000| Complete 
|  18|0x0000000082a00000, 0x0000000082b00000, 0x0000000082b00000|100%| O|  |TAMS 0x0000000082a00000, 0x0000000082a00000| Untracked 
|  19|0x0000000082b00000, 0x0000000082c00000, 0x0000000082c00000|100%| O|  |TAMS 0x0000000082c00000, 0x0000000082b00000| Untracked 
|  20|0x0000000082c00000, 0x0000000082d00000, 0x0000000082d00000|100%| O|  |TAMS 0x0000000082d00000, 0x0000000082c00000| Untracked 
|  21|0x0000000082d00000, 0x0000000082e00000, 0x0000000082e00000|100%| O|  |TAMS 0x0000000082e00000, 0x0000000082d00000| Untracked 
|  22|0x0000000082e00000, 0x0000000082f00000, 0x0000000082f00000|100%| O|  |TAMS 0x0000000082f00000, 0x0000000082e00000| Untracked 
|  23|0x0000000082f00000, 0x0000000083000000, 0x0000000083000000|100%| O|  |TAMS 0x0000000082f00000, 0x0000000082f00000| Untracked 
|  24|0x0000000083000000, 0x0000000083100000, 0x0000000083100000|100%| O|  |TAMS 0x0000000083000000, 0x0000000083000000| Untracked 
|  25|0x0000000083100000, 0x0000000083200000, 0x0000000083200000|100%| O|  |TAMS 0x0000000083100000, 0x0000000083100000| Untracked 
|  26|0x0000000083200000, 0x0000000083300000, 0x0000000083300000|100%| O|  |TAMS 0x0000000083200000, 0x0000000083200000| Untracked 
|  27|0x0000000083300000, 0x0000000083400000, 0x0000000083400000|100%| O|  |TAMS 0x0000000083300000, 0x0000000083300000| Untracked 
|  28|0x0000000083400000, 0x0000000083500000, 0x0000000083500000|100%| O|  |TAMS 0x0000000083400000, 0x0000000083400000| Untracked 
|  29|0x0000000083500000, 0x0000000083600000, 0x0000000083600000|100%| O|  |TAMS 0x0000000083500000, 0x0000000083500000| Untracked 
|  30|0x0000000083600000, 0x0000000083700000, 0x0000000083700000|100%| O|  |TAMS 0x0000000083600000, 0x0000000083600000| Untracked 
|  31|0x0000000083700000, 0x0000000083800000, 0x0000000083800000|100%| O|  |TAMS 0x0000000083700000, 0x0000000083700000| Untracked 
|  32|0x0000000083800000, 0x0000000083900000, 0x0000000083900000|100%| O|  |TAMS 0x0000000083800000, 0x0000000083800000| Untracked 
|  33|0x0000000083900000, 0x0000000083a00000, 0x0000000083a00000|100%| O|  |TAMS 0x0000000083900000, 0x0000000083900000| Untracked 
|  34|0x0000000083a00000, 0x0000000083aee600, 0x0000000083b00000| 93%| O|  |TAMS 0x0000000083a00000, 0x0000000083a00000| Untracked 
|  35|0x0000000083b00000, 0x0000000083b00000, 0x0000000083c00000|  0%| F|  |TAMS 0x0000000083b00000, 0x0000000083b00000| Untracked 
|  36|0x0000000083c00000, 0x0000000083c00000, 0x0000000083d00000|  0%| F|  |TAMS 0x0000000083c00000, 0x0000000083c00000| Untracked 
|  37|0x0000000083d00000, 0x0000000083d00000, 0x0000000083e00000|  0%| F|  |TAMS 0x0000000083d00000, 0x0000000083d00000| Untracked 
|  38|0x0000000083e00000, 0x0000000083e00000, 0x0000000083f00000|  0%| F|  |TAMS 0x0000000083e00000, 0x0000000083e00000| Untracked 
|  39|0x0000000083f00000, 0x0000000083f00000, 0x0000000084000000|  0%| F|  |TAMS 0x0000000083f00000, 0x0000000083f00000| Untracked 
|  40|0x0000000084000000, 0x0000000084000000, 0x0000000084100000|  0%| F|  |TAMS 0x0000000084000000, 0x0000000084000000| Untracked 
|  41|0x0000000084100000, 0x0000000084100000, 0x0000000084200000|  0%| F|  |TAMS 0x0000000084100000, 0x0000000084100000| Untracked 
|  42|0x0000000084200000, 0x0000000084200000, 0x0000000084300000|  0%| F|  |TAMS 0x0000000084200000, 0x0000000084200000| Untracked 
|  43|0x0000000084300000, 0x0000000084300000, 0x0000000084400000|  0%| F|  |TAMS 0x0000000084300000, 0x0000000084300000| Untracked 
|  44|0x0000000084400000, 0x0000000084400000, 0x0000000084500000|  0%| F|  |TAMS 0x0000000084400000, 0x0000000084400000| Untracked 
|  45|0x0000000084500000, 0x0000000084500000, 0x0000000084600000|  0%| F|  |TAMS 0x0000000084500000, 0x0000000084500000| Untracked 
|  46|0x0000000084600000, 0x0000000084600000, 0x0000000084700000|  0%| F|  |TAMS 0x0000000084600000, 0x0000000084600000| Untracked 
|  47|0x0000000084700000, 0x0000000084700000, 0x0000000084800000|  0%| F|  |TAMS 0x0000000084700000, 0x0000000084700000| Untracked 
|  48|0x0000000084800000, 0x0000000084800000, 0x0000000084900000|  0%| F|  |TAMS 0x0000000084800000, 0x0000000084800000| Untracked 
|  49|0x0000000084900000, 0x0000000084900000, 0x0000000084a00000|  0%| F|  |TAMS 0x0000000084900000, 0x0000000084900000| Untracked 
|  50|0x0000000084a00000, 0x0000000084a00000, 0x0000000084b00000|  0%| F|  |TAMS 0x0000000084a00000, 0x0000000084a00000| Untracked 
|  51|0x0000000084b00000, 0x0000000084bad3d0, 0x0000000084c00000| 67%| S|CS|TAMS 0x0000000084b00000, 0x0000000084b00000| Complete 
|  52|0x0000000084c00000, 0x0000000084d00000, 0x0000000084d00000|100%| S|CS|TAMS 0x0000000084c00000, 0x0000000084c00000| Complete 
|  53|0x0000000084d00000, 0x0000000084e00000, 0x0000000084e00000|100%| S|CS|TAMS 0x0000000084d00000, 0x0000000084d00000| Complete 
|  54|0x0000000084e00000, 0x0000000084f00000, 0x0000000084f00000|100%| S|CS|TAMS 0x0000000084e00000, 0x0000000084e00000| Complete 
|  55|0x0000000084f00000, 0x0000000084f00000, 0x0000000085000000|  0%| F|  |TAMS 0x0000000084f00000, 0x0000000084f00000| Untracked 
|  56|0x0000000085000000, 0x0000000085000000, 0x0000000085100000|  0%| F|  |TAMS 0x0000000085000000, 0x0000000085000000| Untracked 
|  57|0x0000000085100000, 0x0000000085100000, 0x0000000085200000|  0%| F|  |TAMS 0x0000000085100000, 0x0000000085100000| Untracked 
|  58|0x0000000085200000, 0x0000000085200000, 0x0000000085300000|  0%| F|  |TAMS 0x0000000085200000, 0x0000000085200000| Untracked 
|  59|0x0000000085300000, 0x0000000085300000, 0x0000000085400000|  0%| F|  |TAMS 0x0000000085300000, 0x0000000085300000| Untracked 
|  60|0x0000000085400000, 0x0000000085400000, 0x0000000085500000|  0%| F|  |TAMS 0x0000000085400000, 0x0000000085400000| Untracked 
|  61|0x0000000085500000, 0x0000000085500000, 0x0000000085600000|  0%| F|  |TAMS 0x0000000085500000, 0x0000000085500000| Untracked 
|  62|0x0000000085600000, 0x0000000085600000, 0x0000000085700000|  0%| F|  |TAMS 0x0000000085600000, 0x0000000085600000| Untracked 
|  63|0x0000000085700000, 0x0000000085700000, 0x0000000085800000|  0%| F|  |TAMS 0x0000000085700000, 0x0000000085700000| Untracked 
|  64|0x0000000085800000, 0x0000000085800000, 0x0000000085900000|  0%| F|  |TAMS 0x0000000085800000, 0x0000000085800000| Untracked 
|  65|0x0000000085900000, 0x0000000085900000, 0x0000000085a00000|  0%| F|  |TAMS 0x0000000085900000, 0x0000000085900000| Untracked 
|  66|0x0000000085a00000, 0x0000000085a00000, 0x0000000085b00000|  0%| F|  |TAMS 0x0000000085a00000, 0x0000000085a00000| Untracked 
|  67|0x0000000085b00000, 0x0000000085b00000, 0x0000000085c00000|  0%| F|  |TAMS 0x0000000085b00000, 0x0000000085b00000| Untracked 
|  68|0x0000000085c00000, 0x0000000085c00000, 0x0000000085d00000|  0%| F|  |TAMS 0x0000000085c00000, 0x0000000085c00000| Untracked 
|  69|0x0000000085d00000, 0x0000000085d00000, 0x0000000085e00000|  0%| F|  |TAMS 0x0000000085d00000, 0x0000000085d00000| Untracked 
|  70|0x0000000085e00000, 0x0000000085e00000, 0x0000000085f00000|  0%| F|  |TAMS 0x0000000085e00000, 0x0000000085e00000| Untracked 
|  71|0x0000000085f00000, 0x0000000085f00000, 0x0000000086000000|  0%| F|  |TAMS 0x0000000085f00000, 0x0000000085f00000| Untracked 
|  72|0x0000000086000000, 0x0000000086000000, 0x0000000086100000|  0%| F|  |TAMS 0x0000000086000000, 0x0000000086000000| Untracked 
|  73|0x0000000086100000, 0x0000000086100000, 0x0000000086200000|  0%| F|  |TAMS 0x0000000086100000, 0x0000000086100000| Untracked 
|  74|0x0000000086200000, 0x0000000086200000, 0x0000000086300000|  0%| F|  |TAMS 0x0000000086200000, 0x0000000086200000| Untracked 
|  75|0x0000000086300000, 0x0000000086300000, 0x0000000086400000|  0%| F|  |TAMS 0x0000000086300000, 0x0000000086300000| Untracked 
|  76|0x0000000086400000, 0x0000000086400000, 0x0000000086500000|  0%| F|  |TAMS 0x0000000086400000, 0x0000000086400000| Untracked 
|  77|0x0000000086500000, 0x0000000086500000, 0x0000000086600000|  0%| F|  |TAMS 0x0000000086500000, 0x0000000086500000| Untracked 
|  78|0x0000000086600000, 0x0000000086600000, 0x0000000086700000|  0%| F|  |TAMS 0x0000000086600000, 0x0000000086600000| Untracked 
|  79|0x0000000086700000, 0x0000000086700000, 0x0000000086800000|  0%| F|  |TAMS 0x0000000086700000, 0x0000000086700000| Untracked 
|  80|0x0000000086800000, 0x0000000086800000, 0x0000000086900000|  0%| F|  |TAMS 0x0000000086800000, 0x0000000086800000| Untracked 
|  81|0x0000000086900000, 0x0000000086900000, 0x0000000086a00000|  0%| F|  |TAMS 0x0000000086900000, 0x0000000086900000| Untracked 
|  82|0x0000000086a00000, 0x0000000086a00000, 0x0000000086b00000|  0%| F|  |TAMS 0x0000000086a00000, 0x0000000086a00000| Untracked 
|  83|0x0000000086b00000, 0x0000000086b00000, 0x0000000086c00000|  0%| F|  |TAMS 0x0000000086b00000, 0x0000000086b00000| Untracked 
|  84|0x0000000086c00000, 0x0000000086c00000, 0x0000000086d00000|  0%| F|  |TAMS 0x0000000086c00000, 0x0000000086c00000| Untracked 
|  85|0x0000000086d00000, 0x0000000086d00000, 0x0000000086e00000|  0%| F|  |TAMS 0x0000000086d00000, 0x0000000086d00000| Untracked 
|  86|0x0000000086e00000, 0x0000000086e00000, 0x0000000086f00000|  0%| F|  |TAMS 0x0000000086e00000, 0x0000000086e00000| Untracked 
|  87|0x0000000086f00000, 0x0000000086f00000, 0x0000000087000000|  0%| F|  |TAMS 0x0000000086f00000, 0x0000000086f00000| Untracked 
|  88|0x0000000087000000, 0x0000000087000000, 0x0000000087100000|  0%| F|  |TAMS 0x0000000087000000, 0x0000000087000000| Untracked 
|  89|0x0000000087100000, 0x0000000087100000, 0x0000000087200000|  0%| F|  |TAMS 0x0000000087100000, 0x0000000087100000| Untracked 
|  90|0x0000000087200000, 0x0000000087200000, 0x0000000087300000|  0%| F|  |TAMS 0x0000000087200000, 0x0000000087200000| Untracked 
|  91|0x0000000087300000, 0x0000000087300000, 0x0000000087400000|  0%| F|  |TAMS 0x0000000087300000, 0x0000000087300000| Untracked 
|  92|0x0000000087400000, 0x0000000087400000, 0x0000000087500000|  0%| F|  |TAMS 0x0000000087400000, 0x0000000087400000| Untracked 
|  93|0x0000000087500000, 0x0000000087500000, 0x0000000087600000|  0%| F|  |TAMS 0x0000000087500000, 0x0000000087500000| Untracked 
|  94|0x0000000087600000, 0x0000000087600000, 0x0000000087700000|  0%| F|  |TAMS 0x0000000087600000, 0x0000000087600000| Untracked 
|  95|0x0000000087700000, 0x0000000087700000, 0x0000000087800000|  0%| F|  |TAMS 0x0000000087700000, 0x0000000087700000| Untracked 
|  96|0x0000000087800000, 0x0000000087800000, 0x0000000087900000|  0%| F|  |TAMS 0x0000000087800000, 0x0000000087800000| Untracked 
|  97|0x0000000087900000, 0x0000000087900000, 0x0000000087a00000|  0%| F|  |TAMS 0x0000000087900000, 0x0000000087900000| Untracked 
|  98|0x0000000087a00000, 0x0000000087a00000, 0x0000000087b00000|  0%| F|  |TAMS 0x0000000087a00000, 0x0000000087a00000| Untracked 
|  99|0x0000000087b00000, 0x0000000087b00000, 0x0000000087c00000|  0%| F|  |TAMS 0x0000000087b00000, 0x0000000087b00000| Untracked 
| 100|0x0000000087c00000, 0x0000000087c00000, 0x0000000087d00000|  0%| F|  |TAMS 0x0000000087c00000, 0x0000000087c00000| Untracked 
| 101|0x0000000087d00000, 0x0000000087d00000, 0x0000000087e00000|  0%| F|  |TAMS 0x0000000087d00000, 0x0000000087d00000| Untracked 
| 102|0x0000000087e00000, 0x0000000087e00000, 0x0000000087f00000|  0%| F|  |TAMS 0x0000000087e00000, 0x0000000087e00000| Untracked 
| 103|0x0000000087f00000, 0x0000000087f00000, 0x0000000088000000|  0%| F|  |TAMS 0x0000000087f00000, 0x0000000087f00000| Untracked 
| 104|0x0000000088000000, 0x0000000088000000, 0x0000000088100000|  0%| F|  |TAMS 0x0000000088000000, 0x0000000088000000| Untracked 
| 105|0x0000000088100000, 0x0000000088100000, 0x0000000088200000|  0%| F|  |TAMS 0x0000000088100000, 0x0000000088100000| Untracked 
| 106|0x0000000088200000, 0x0000000088200000, 0x0000000088300000|  0%| F|  |TAMS 0x0000000088200000, 0x0000000088200000| Untracked 
| 107|0x0000000088300000, 0x0000000088300000, 0x0000000088400000|  0%| F|  |TAMS 0x0000000088300000, 0x0000000088300000| Untracked 
| 108|0x0000000088400000, 0x0000000088400000, 0x0000000088500000|  0%| F|  |TAMS 0x0000000088400000, 0x0000000088400000| Untracked 
| 109|0x0000000088500000, 0x0000000088500000, 0x0000000088600000|  0%| F|  |TAMS 0x0000000088500000, 0x0000000088500000| Untracked 
| 110|0x0000000088600000, 0x0000000088600000, 0x0000000088700000|  0%| F|  |TAMS 0x0000000088600000, 0x0000000088600000| Untracked 
| 111|0x0000000088700000, 0x0000000088700000, 0x0000000088800000|  0%| F|  |TAMS 0x0000000088700000, 0x0000000088700000| Untracked 
| 112|0x0000000088800000, 0x0000000088800000, 0x0000000088900000|  0%| F|  |TAMS 0x0000000088800000, 0x0000000088800000| Untracked 
| 113|0x0000000088900000, 0x0000000088900000, 0x0000000088a00000|  0%| F|  |TAMS 0x0000000088900000, 0x0000000088900000| Untracked 
| 114|0x0000000088a00000, 0x0000000088a00000, 0x0000000088b00000|  0%| F|  |TAMS 0x0000000088a00000, 0x0000000088a00000| Untracked 
| 115|0x0000000088b00000, 0x0000000088b00000, 0x0000000088c00000|  0%| F|  |TAMS 0x0000000088b00000, 0x0000000088b00000| Untracked 
| 116|0x0000000088c00000, 0x0000000088c00000, 0x0000000088d00000|  0%| F|  |TAMS 0x0000000088c00000, 0x0000000088c00000| Untracked 
| 117|0x0000000088d00000, 0x0000000088d00000, 0x0000000088e00000|  0%| F|  |TAMS 0x0000000088d00000, 0x0000000088d00000| Untracked 
| 118|0x0000000088e00000, 0x0000000088e00000, 0x0000000088f00000|  0%| F|  |TAMS 0x0000000088e00000, 0x0000000088e00000| Untracked 
| 119|0x0000000088f00000, 0x0000000088f00000, 0x0000000089000000|  0%| F|  |TAMS 0x0000000088f00000, 0x0000000088f00000| Untracked 
| 120|0x0000000089000000, 0x0000000089000000, 0x0000000089100000|  0%| F|  |TAMS 0x0000000089000000, 0x0000000089000000| Untracked 
| 121|0x0000000089100000, 0x0000000089100000, 0x0000000089200000|  0%| F|  |TAMS 0x0000000089100000, 0x0000000089100000| Untracked 
| 122|0x0000000089200000, 0x0000000089200000, 0x0000000089300000|  0%| F|  |TAMS 0x0000000089200000, 0x0000000089200000| Untracked 
| 123|0x0000000089300000, 0x0000000089300000, 0x0000000089400000|  0%| F|  |TAMS 0x0000000089300000, 0x0000000089300000| Untracked 
| 124|0x0000000089400000, 0x0000000089400000, 0x0000000089500000|  0%| F|  |TAMS 0x0000000089400000, 0x0000000089400000| Untracked 
| 125|0x0000000089500000, 0x0000000089500000, 0x0000000089600000|  0%| F|  |TAMS 0x0000000089500000, 0x0000000089500000| Untracked 
| 126|0x0000000089600000, 0x0000000089600000, 0x0000000089700000|  0%| F|  |TAMS 0x0000000089600000, 0x0000000089600000| Untracked 
| 127|0x0000000089700000, 0x0000000089700000, 0x0000000089800000|  0%| F|  |TAMS 0x0000000089700000, 0x0000000089700000| Untracked 
|2023|0x00000000fff00000, 0x0000000100000000, 0x0000000100000000|100%| O|  |TAMS 0x0000000100000000, 0x00000000fff00000| Untracked 

Card table byte_map: [0x00000246d8270000,0x00000246d8670000] _byte_map_base: 0x00000246d7e64000

Marking Bits (Prev, Next): (CMBitMap*) 0x00000246c0355150, (CMBitMap*) 0x00000246c0355190
 Prev Bits: [0x00000246d8a70000, 0x00000246daa10000)
 Next Bits: [0x00000246daa10000, 0x00000246dc9b0000)

Polling page: 0x00000246c0290000

Metaspace:

Usage:
  Non-class:     43.29 MB used.
      Class:      5.97 MB used.
       Both:     49.25 MB used.

Virtual space:
  Non-class space:       64.00 MB reserved,      43.69 MB ( 68%) committed,  1 nodes.
      Class space:        1.00 GB reserved,       6.38 MB ( <1%) committed,  1 nodes.
             Both:        1.06 GB reserved,      50.06 MB (  5%) committed. 

Chunk freelists:
   Non-Class:  3.21 MB
       Class:  1.64 MB
        Both:  4.86 MB

MaxMetaspaceSize: unlimited
CompressedClassSpaceSize: 1.00 GB
Initial GC threshold: 21.00 MB
Current GC threshold: 59.50 MB
CDS: on
MetaspaceReclaimPolicy: balanced
 - commit_granule_bytes: 65536.
 - commit_granule_words: 8192.
 - virtual_space_node_default_size: 8388608.
 - enlarge_chunks_in_place: 1.
 - new_chunks_are_fully_committed: 0.
 - uncommit_free_chunks: 1.
 - use_allocation_guard: 0.


Internal statistics:

num_allocs_failed_limit: 9.
num_arena_births: 1300.
num_arena_deaths: 0.
num_vsnodes_births: 2.
num_vsnodes_deaths: 0.
num_space_committed: 799.
num_space_uncommitted: 0.
num_chunks_returned_to_freelist: 9.
num_chunks_taken_from_freelist: 3303.
num_chunk_merges: 6.
num_chunk_splits: 2445.
num_chunks_enlarged: 1793.
num_inconsistent_stats: 0.

CodeHeap 'non-profiled nmethods': size=120000Kb used=2049Kb max_used=2049Kb free=117950Kb
 bounds [0x00000246d0320000, 0x00000246d0590000, 0x00000246d7850000]
CodeHeap 'profiled nmethods': size=120000Kb used=9911Kb max_used=9911Kb free=110088Kb
 bounds [0x00000246c8850000, 0x00000246c9200000, 0x00000246cfd80000]
CodeHeap 'non-nmethods': size=5760Kb used=1393Kb max_used=1458Kb free=4366Kb
 bounds [0x00000246cfd80000, 0x00000246cfff0000, 0x00000246d0320000]
 total_blobs=5535 nmethods=4907 adapters=536
 compilation: enabled
              stopped_count=0, restarted_count=0
 full_count=0

Compilation events (20 events):
Event: 6.584 Thread 0x00000246df04d160 nmethod 4902 0x00000246c91f6c10 code [0x00000246c91f6e00, 0x00000246c91f72e8]
Event: 6.584 Thread 0x00000246df04d160 4903       3       kotlin.collections.CollectionsKt__CollectionsKt::listOf (22 bytes)
Event: 6.585 Thread 0x00000246df04d160 nmethod 4903 0x00000246c91f7510 code [0x00000246c91f7820, 0x00000246c91f8838]
Event: 6.585 Thread 0x00000246df04d160 4904       3       java.util.ArrayList::ensureCapacity (42 bytes)
Event: 6.585 Thread 0x00000246df04d160 nmethod 4904 0x00000246c91f8e10 code [0x00000246c91f8fc0, 0x00000246c91f91c8]
Event: 6.591 Thread 0x00000246df04d160 4905       3       kotlin.text.StringsKt__StringsJVMKt::regionMatches (42 bytes)
Event: 6.592 Thread 0x00000246df04d160 nmethod 4905 0x00000246c91f9290 code [0x00000246c91f9540, 0x00000246c91fa0b8]
Event: 6.592 Thread 0x00000246df04d160 4906       3       java.lang.CharacterDataLatin1::isWhitespace (23 bytes)
Event: 6.592 Thread 0x00000246df04d160 nmethod 4906 0x00000246c91fa510 code [0x00000246c91fa6c0, 0x00000246c91fa8b8]
Event: 6.592 Thread 0x00000246df04d160 4908       3       kotlin.text.CharsKt__CharJVMKt::isWhitespace (20 bytes)
Event: 6.593 Thread 0x00000246df04d160 nmethod 4908 0x00000246c91faa10 code [0x00000246c91fac20, 0x00000246c91fb1d8]
Event: 6.595 Thread 0x00000246df04d160 4909       3       java.lang.invoke.BoundMethodHandle::rebind (14 bytes)
Event: 6.595 Thread 0x00000246df04d160 nmethod 4909 0x00000246c91fb410 code [0x00000246c91fb600, 0x00000246c91fbb68]
Event: 6.595 Thread 0x00000246df04d160 4910       3       java.lang.invoke.BoundMethodHandle::editor (8 bytes)
Event: 6.595 Thread 0x00000246df04d160 nmethod 4910 0x00000246c91fbd90 code [0x00000246c91fbf60, 0x00000246c91fc2e8]
Event: 6.596 Thread 0x00000246df04d160 4911       3       java.lang.invoke.LambdaFormBuffer::clearDuplicatesAndNulls (268 bytes)
Event: 6.597 Thread 0x00000246df04d160 nmethod 4911 0x00000246c91fc490 code [0x00000246c91fc720, 0x00000246c91fd818]
Event: 6.599 Thread 0x00000246deffed30 nmethod 4887 0x00000246d051f010 code [0x00000246d051f260, 0x00000246d051fd50]
Event: 6.599 Thread 0x00000246deffed30 4907       4       java.lang.String::replace (42 bytes)
Event: 6.599 Thread 0x00000246df04d160 4916       3       java.lang.String::regionMatches (189 bytes)

GC Heap History (20 events):
Event: 2.402 GC heap after
{Heap after GC invocations=3 (full 0):
 garbage-first heap   total 131072K, used 11768K [0x0000000081800000, 0x0000000100000000)
  region size 1024K, 6 young (6144K), 6 survivors (6144K)
 Metaspace       used 21281K, committed 21504K, reserved 1114112K
  class space    used 2706K, committed 2816K, reserved 1048576K
}
Event: 2.826 GC heap before
{Heap before GC invocations=4 (full 0):
 garbage-first heap   total 48128K, used 36344K [0x0000000081800000, 0x0000000100000000)
  region size 1024K, 28 young (28672K), 6 survivors (6144K)
 Metaspace       used 22778K, committed 22976K, reserved 1114112K
  class space    used 3053K, committed 3136K, reserved 1048576K
}
Event: 2.850 GC heap after
{Heap after GC invocations=5 (full 0):
 garbage-first heap   total 49152K, used 18981K [0x0000000081800000, 0x0000000100000000)
  region size 1024K, 4 young (4096K), 4 survivors (4096K)
 Metaspace       used 22778K, committed 22976K, reserved 1114112K
  class space    used 3053K, committed 3136K, reserved 1048576K
}
Event: 2.879 GC heap before
{Heap before GC invocations=5 (full 0):
 garbage-first heap   total 49152K, used 20005K [0x0000000081800000, 0x0000000100000000)
  region size 1024K, 5 young (5120K), 4 survivors (4096K)
 Metaspace       used 23070K, committed 23296K, reserved 1114112K
  class space    used 3093K, committed 3200K, reserved 1048576K
}
Event: 2.887 GC heap after
{Heap after GC invocations=6 (full 0):
 garbage-first heap   total 49152K, used 20186K [0x0000000081800000, 0x0000000100000000)
  region size 1024K, 1 young (1024K), 1 survivors (1024K)
 Metaspace       used 23070K, committed 23296K, reserved 1114112K
  class space    used 3093K, committed 3200K, reserved 1048576K
}
Event: 3.215 GC heap before
{Heap before GC invocations=6 (full 0):
 garbage-first heap   total 49152K, used 34522K [0x0000000081800000, 0x0000000100000000)
  region size 1024K, 16 young (16384K), 1 survivors (1024K)
 Metaspace       used 26391K, committed 26560K, reserved 1114112K
  class space    used 3437K, committed 3520K, reserved 1048576K
}
Event: 3.218 GC heap after
{Heap after GC invocations=7 (full 0):
 garbage-first heap   total 49152K, used 18979K [0x0000000081800000, 0x0000000100000000)
  region size 1024K, 2 young (2048K), 2 survivors (2048K)
 Metaspace       used 26391K, committed 26560K, reserved 1114112K
  class space    used 3437K, committed 3520K, reserved 1048576K
}
Event: 3.597 GC heap before
{Heap before GC invocations=7 (full 0):
 garbage-first heap   total 49152K, used 34339K [0x0000000081800000, 0x0000000100000000)
  region size 1024K, 18 young (18432K), 2 survivors (2048K)
 Metaspace       used 29622K, committed 29824K, reserved 1114112K
  class space    used 3747K, committed 3840K, reserved 1048576K
}
Event: 3.601 GC heap after
{Heap after GC invocations=8 (full 0):
 garbage-first heap   total 49152K, used 21011K [0x0000000081800000, 0x0000000100000000)
  region size 1024K, 2 young (2048K), 2 survivors (2048K)
 Metaspace       used 29622K, committed 29824K, reserved 1114112K
  class space    used 3747K, committed 3840K, reserved 1048576K
}
Event: 3.888 GC heap before
{Heap before GC invocations=8 (full 0):
 garbage-first heap   total 49152K, used 36371K [0x0000000081800000, 0x0000000100000000)
  region size 1024K, 17 young (17408K), 2 survivors (2048K)
 Metaspace       used 32715K, committed 33152K, reserved 1114112K
  class space    used 4024K, committed 4224K, reserved 1048576K
}
Event: 3.893 GC heap after
{Heap after GC invocations=9 (full 0):
 garbage-first heap   total 87040K, used 22431K [0x0000000081800000, 0x0000000100000000)
  region size 1024K, 2 young (2048K), 2 survivors (2048K)
 Metaspace       used 32715K, committed 33152K, reserved 1114112K
  class space    used 4024K, committed 4224K, reserved 1048576K
}
Event: 4.220 GC heap before
{Heap before GC invocations=9 (full 0):
 garbage-first heap   total 87040K, used 40863K [0x0000000081800000, 0x0000000100000000)
  region size 1024K, 21 young (21504K), 2 survivors (2048K)
 Metaspace       used 35378K, committed 36096K, reserved 1114112K
  class space    used 4397K, committed 4800K, reserved 1048576K
}
Event: 4.228 GC heap after
{Heap after GC invocations=10 (full 0):
 garbage-first heap   total 87040K, used 23675K [0x0000000081800000, 0x0000000100000000)
  region size 1024K, 3 young (3072K), 3 survivors (3072K)
 Metaspace       used 35378K, committed 36096K, reserved 1114112K
  class space    used 4397K, committed 4800K, reserved 1048576K
}
Event: 5.207 GC heap before
{Heap before GC invocations=11 (full 0):
 garbage-first heap   total 87040K, used 69755K [0x0000000081800000, 0x0000000100000000)
  region size 1024K, 45 young (46080K), 3 survivors (3072K)
 Metaspace       used 42374K, committed 43136K, reserved 1114112K
  class space    used 5175K, committed 5568K, reserved 1048576K
}
Event: 5.224 GC heap after
{Heap after GC invocations=12 (full 0):
 garbage-first heap   total 87040K, used 32742K [0x0000000081800000, 0x0000000100000000)
  region size 1024K, 6 young (6144K), 6 survivors (6144K)
 Metaspace       used 42374K, committed 43136K, reserved 1114112K
  class space    used 5175K, committed 5568K, reserved 1048576K
}
Event: 5.232 GC heap before
{Heap before GC invocations=12 (full 0):
 garbage-first heap   total 87040K, used 33766K [0x0000000081800000, 0x0000000100000000)
  region size 1024K, 7 young (7168K), 6 survivors (6144K)
 Metaspace       used 42376K, committed 43136K, reserved 1114112K
  class space    used 5175K, committed 5568K, reserved 1048576K
}
Event: 5.242 GC heap after
{Heap after GC invocations=13 (full 0):
 garbage-first heap   total 87040K, used 33396K [0x0000000081800000, 0x0000000100000000)
  region size 1024K, 1 young (1024K), 1 survivors (1024K)
 Metaspace       used 42376K, committed 43136K, reserved 1114112K
  class space    used 5175K, committed 5568K, reserved 1048576K
}
Event: 5.625 GC heap before
{Heap before GC invocations=13 (full 0):
 garbage-first heap   total 87040K, used 65140K [0x0000000081800000, 0x0000000100000000)
  region size 1024K, 33 young (33792K), 1 survivors (1024K)
 Metaspace       used 44225K, committed 44992K, reserved 1114112K
  class space    used 5394K, committed 5760K, reserved 1048576K
}
Event: 5.635 GC heap after
{Heap after GC invocations=14 (full 0):
 garbage-first heap   total 87040K, used 36880K [0x0000000081800000, 0x0000000100000000)
  region size 1024K, 5 young (5120K), 5 survivors (5120K)
 Metaspace       used 44225K, committed 44992K, reserved 1114112K
  class space    used 5394K, committed 5760K, reserved 1048576K
}
Event: 6.599 GC heap before
{Heap before GC invocations=14 (full 0):
 garbage-first heap   total 87040K, used 66576K [0x0000000081800000, 0x0000000100000000)
  region size 1024K, 34 young (34816K), 5 survivors (5120K)
 Metaspace       used 50435K, committed 51264K, reserved 1114112K
  class space    used 6109K, committed 6528K, reserved 1048576K
}

Dll operation events (7 events):
Event: 0.015 Loaded shared library C:\Users\yr\.jdks\corretto-19.0.2\bin\java.dll
Event: 0.045 Loaded shared library C:\Users\yr\.jdks\corretto-19.0.2\bin\jsvml.dll
Event: 0.152 Loaded shared library C:\Users\yr\.jdks\corretto-19.0.2\bin\net.dll
Event: 0.156 Loaded shared library C:\Users\yr\.jdks\corretto-19.0.2\bin\nio.dll
Event: 0.220 Loaded shared library C:\Users\yr\.jdks\corretto-19.0.2\bin\zip.dll
Event: 0.262 Loaded shared library C:\Users\yr\.jdks\corretto-19.0.2\bin\jimage.dll
Event: 2.067 Loaded shared library C:\Users\yr\.jdks\corretto-19.0.2\bin\verify.dll

Deoptimization events (20 events):
Event: 6.287 Thread 0x00000246c02f6110 DEOPT PACKING pc=0x00000246d0393ac4 sp=0x00000064f79fd450
Event: 6.287 Thread 0x00000246c02f6110 DEOPT UNPACKING pc=0x00000246cfde6da3 sp=0x00000064f79fd370 mode 2
Event: 6.346 Thread 0x00000246c02f6110 Uncommon trap: trap_request=0xffffff45 fr.pc=0x00000246d039566c relative=0x000000000000004c
Event: 6.346 Thread 0x00000246c02f6110 Uncommon trap: reason=unstable_if action=reinterpret pc=0x00000246d039566c method=kotlin.jvm.internal.Intrinsics.areEqual(Ljava/lang/Object;Ljava/lang/Object;)Z @ 5 c2
Event: 6.346 Thread 0x00000246c02f6110 DEOPT PACKING pc=0x00000246d039566c sp=0x00000064f79fb100
Event: 6.346 Thread 0x00000246c02f6110 DEOPT UNPACKING pc=0x00000246cfde6da3 sp=0x00000064f79fb090 mode 2
Event: 6.364 Thread 0x00000246c02f6110 Uncommon trap: trap_request=0xffffff45 fr.pc=0x00000246d046fd68 relative=0x00000000000000c8
Event: 6.364 Thread 0x00000246c02f6110 Uncommon trap: reason=unstable_if action=reinterpret pc=0x00000246d046fd68 method=org.jetbrains.kotlin.com.intellij.psi.tree.TokenSet.contains(Lorg/jetbrains/kotlin/com/intellij/psi/tree/IElementType;)Z @ 1 c2
Event: 6.364 Thread 0x00000246c02f6110 DEOPT PACKING pc=0x00000246d046fd68 sp=0x00000064f79fb260
Event: 6.364 Thread 0x00000246c02f6110 DEOPT UNPACKING pc=0x00000246cfde6da3 sp=0x00000064f79fb1f8 mode 2
Event: 6.415 Thread 0x00000246c02f6110 DEOPT PACKING pc=0x00000246c8fae06c sp=0x00000064f79fae00
Event: 6.415 Thread 0x00000246c02f6110 DEOPT UNPACKING pc=0x00000246cfde7543 sp=0x00000064f79fa320 mode 0
Event: 6.591 Thread 0x00000246c02f6110 Uncommon trap: trap_request=0xffffff45 fr.pc=0x00000246d0389924 relative=0x0000000000000084
Event: 6.591 Thread 0x00000246c02f6110 Uncommon trap: reason=unstable_if action=reinterpret pc=0x00000246d0389924 method=java.lang.CharacterDataLatin1.isWhitespace(I)Z @ 14 c2
Event: 6.591 Thread 0x00000246c02f6110 DEOPT PACKING pc=0x00000246d0389924 sp=0x00000064f79fd020
Event: 6.591 Thread 0x00000246c02f6110 DEOPT UNPACKING pc=0x00000246cfde6da3 sp=0x00000064f79fcf90 mode 2
Event: 6.599 Thread 0x00000246c02f6110 Uncommon trap: trap_request=0xffffffde fr.pc=0x00000246d03fbd00 relative=0x0000000000000060
Event: 6.599 Thread 0x00000246c02f6110 Uncommon trap: reason=class_check action=maybe_recompile pc=0x00000246d03fbd00 method=java.lang.invoke.Invokers$Holder.linkToTargetMethod(Ljava/lang/Object;Ljava/lang/Object;Ljava/lang/Object;)Ljava/lang/Object; @ 1 c2
Event: 6.599 Thread 0x00000246c02f6110 DEOPT PACKING pc=0x00000246d03fbd00 sp=0x00000064f79fd360
Event: 6.599 Thread 0x00000246c02f6110 DEOPT UNPACKING pc=0x00000246cfde6da3 sp=0x00000064f79fd2e8 mode 2

Classes loaded (20 events):
Event: 4.980 Loading class java/util/stream/IntPipeline$1
Event: 4.980 Loading class java/util/stream/IntPipeline$1 done
Event: 4.981 Loading class java/util/stream/IntPipeline$1$1
Event: 4.981 Loading class java/util/stream/IntPipeline$1$1 done
Event: 5.006 Loading class java/util/RegularEnumSet$EnumSetIterator
Event: 5.006 Loading class java/util/RegularEnumSet$EnumSetIterator done
Event: 6.187 Loading class jdk/internal/module/ModulePatcher$PatchedModuleReader
Event: 6.188 Loading class jdk/internal/module/ModulePatcher$PatchedModuleReader done
Event: 6.188 Loading class sun/net/www/protocol/jrt/Handler
Event: 6.188 Loading class sun/net/www/protocol/jrt/Handler done
Event: 6.192 Loading class java/util/regex/Pattern$LineEnding
Event: 6.192 Loading class java/util/regex/Pattern$LineEnding done
Event: 6.506 Loading class java/util/regex/Pattern$Loop
Event: 6.506 Loading class java/util/regex/Pattern$Loop done
Event: 6.506 Loading class java/util/regex/Pattern$Prolog
Event: 6.506 Loading class java/util/regex/Pattern$Prolog done
Event: 6.523 Loading class java/util/concurrent/Callable
Event: 6.523 Loading class java/util/concurrent/Callable done
Event: 6.559 Loading class java/net/URLClassLoader$2
Event: 6.559 Loading class java/net/URLClassLoader$2 done

Classes unloaded (0 events):
No events

Classes redefined (0 events):
No events

Internal exceptions (20 events):
Event: 4.089 Thread 0x00000246c02f6110 Exception <a 'java/lang/NoSuchMethodError'{0x00000000860ca968}: 'java.lang.Object java.lang.invoke.DirectMethodHandle$Holder.invokeStatic(java.lang.Object, java.lang.Object, java.lang.Object, java.lang.Object, java.lang.Object, java.lang.Object, java.lang.Object, java.lang.Object, java.lang.Object, java.lang.Object, java.lang.Object, java.lang.Object, java.lang.Object, java.lang.Object, java.lang.Object, java.lang.Object, java.lang.Object, java.lang.Object, java.lang.Object, java.lang.Object, java.lang.Obj
Event: 4.091 Thread 0x00000246c02f6110 Exception <a 'java/lang/NoSuchMethodError'{0x00000000860fd030}: 'java.lang.Object java.lang.invoke.DirectMethodHandle$Holder.invokeStatic(java.lang.Object, java.lang.Object, java.lang.Object, java.lang.Object, java.lang.Object, java.lang.Object, java.lang.Object, java.lang.Object, java.lang.Object, java.lang.Object, java.lang.Object, java.lang.Object, java.lang.Object, java.lang.Object, java.lang.Object, java.lang.Object, java.lang.Object, java.lang.Object, java.lang.Object, java.lang.Object, java.lang.Obj
Event: 4.100 Thread 0x00000246c02f6110 Exception <a 'java/lang/NoSuchMethodError'{0x0000000085f6fd70}: 'java.lang.Object java.lang.invoke.DirectMethodHandle$Holder.newInvokeSpecial(java.lang.Object, java.lang.Object, java.lang.Object, java.lang.Object, java.lang.Object, java.lang.Object, java.lang.Object, java.lang.Object, java.lang.Object, java.lang.Object, java.lang.Object, java.lang.Object, java.lang.Object)'> (0x0000000085f6fd70) 
thrown [s\src\hotspot\share\interpreter\linkResolver.cpp, line 774]
Event: 4.101 Thread 0x00000246c02f6110 Exception <a 'java/lang/NoSuchMethodError'{0x0000000085f74f78}: 'java.lang.Object java.lang.invoke.DirectMethodHandle$Holder.invokeSpecial(java.lang.Object, java.lang.Object, java.lang.Object, java.lang.Object, java.lang.Object, java.lang.Object, java.lang.Object, java.lang.Object, java.lang.Object, java.lang.Object, java.lang.Object, java.lang.Object, java.lang.Object, java.lang.Object)'> (0x0000000085f74f78) 
thrown [s\src\hotspot\share\interpreter\linkResolver.cpp, line 774]
Event: 4.101 Thread 0x00000246c02f6110 Exception <a 'java/lang/NoSuchMethodError'{0x0000000085f79738}: 'java.lang.Object java.lang.invoke.DelegatingMethodHandle$Holder.reinvoke_L(java.lang.Object, java.lang.Object, java.lang.Object, java.lang.Object, java.lang.Object, java.lang.Object, java.lang.Object, java.lang.Object, java.lang.Object, java.lang.Object, java.lang.Object, java.lang.Object, java.lang.Object)'> (0x0000000085f79738) 
thrown [s\src\hotspot\share\interpreter\linkResolver.cpp, line 774]
Event: 4.360 Thread 0x00000246c02f6110 Exception <a 'java/lang/NoSuchMethodError'{0x0000000086712aa8}: 'java.lang.Object java.lang.invoke.DirectMethodHandle$Holder.newInvokeSpecial(java.lang.Object, java.lang.Object, int)'> (0x0000000086712aa8) 
thrown [s\src\hotspot\share\interpreter\linkResolver.cpp, line 774]
Event: 4.817 Thread 0x00000246c02f6110 Exception <a 'java/lang/NoSuchMethodError'{0x000000008542d8f8}: 'java.lang.Object java.lang.invoke.DirectMethodHandle$Holder.newInvokeSpecial(java.lang.Object, java.lang.Object, java.lang.Object, int)'> (0x000000008542d8f8) 
thrown [s\src\hotspot\share\interpreter\linkResolver.cpp, line 774]
Event: 4.817 Thread 0x00000246c02f6110 Exception <a 'java/lang/NoSuchMethodError'{0x0000000085431f78}: 'java.lang.Object java.lang.invoke.DirectMethodHandle$Holder.invokeSpecial(java.lang.Object, java.lang.Object, java.lang.Object, java.lang.Object, int)'> (0x0000000085431f78) 
thrown [s\src\hotspot\share\interpreter\linkResolver.cpp, line 774]
Event: 4.817 Thread 0x00000246c02f6110 Exception <a 'java/lang/NoSuchMethodError'{0x0000000085435bf0}: 'java.lang.Object java.lang.invoke.Invokers$Holder.linkToTargetMethod(java.lang.Object, java.lang.Object, int, java.lang.Object)'> (0x0000000085435bf0) 
thrown [s\src\hotspot\share\interpreter\linkResolver.cpp, line 774]
Event: 4.992 Thread 0x00000246c02f6110 Exception <a 'java/lang/NoSuchMethodError'{0x0000000084d18118}: 'java.lang.Object java.lang.invoke.DirectMethodHandle$Holder.invokeSpecial(java.lang.Object, java.lang.Object, java.lang.Object, java.lang.Object, java.lang.Object, java.lang.Object, int)'> (0x0000000084d18118) 
thrown [s\src\hotspot\share\interpreter\linkResolver.cpp, line 774]
Event: 5.517 Thread 0x00000246c02f6110 Implicit null exception at 0x00000246d0375b14 to 0x00000246d037617c
Event: 5.652 Thread 0x00000246c02f6110 Exception <a 'java/lang/NoSuchMethodError'{0x000000008978ce00}: 'java.lang.Object java.lang.invoke.DirectMethodHandle$Holder.invokeStaticInit(java.lang.Object, java.lang.Object, java.lang.Object)'> (0x000000008978ce00) 
thrown [s\src\hotspot\share\interpreter\linkResolver.cpp, line 774]
Event: 5.656 Thread 0x00000246c02f6110 Exception <a 'java/lang/NoSuchMethodError'{0x00000000897a95b0}: 'java.lang.Object java.lang.invoke.DirectMethodHandle$Holder.newInvokeSpecial(java.lang.Object, int, java.lang.Object)'> (0x00000000897a95b0) 
thrown [s\src\hotspot\share\interpreter\linkResolver.cpp, line 774]
Event: 5.660 Thread 0x00000246c02f6110 Implicit null exception at 0x00000246d037c211 to 0x00000246d037c444
Event: 5.660 Thread 0x00000246c02f6110 Implicit null exception at 0x00000246d03846af to 0x00000246d0384729
Event: 5.692 Thread 0x00000246c02f6110 Exception <a 'java/lang/NoSuchMethodError'{0x0000000086a69db8}: 'java.lang.Object java.lang.invoke.DirectMethodHandle$Holder.invokeStatic(java.lang.Object, int, java.lang.Object)'> (0x0000000086a69db8) 
thrown [s\src\hotspot\share\interpreter\linkResolver.cpp, line 774]
Event: 5.890 Thread 0x00000246c02f6110 Exception <a 'java/lang/NoSuchMethodError'{0x0000000086464eb8}: 'int java.lang.invoke.DirectMethodHandle$Holder.invokeStaticInit(java.lang.Object, int)'> (0x0000000086464eb8) 
thrown [s\src\hotspot\share\interpreter\linkResolver.cpp, line 774]
Event: 6.126 Thread 0x00000246c02f6110 Exception <a 'java/lang/NoSuchMethodError'{0x0000000085c35568}: 'java.lang.Object java.lang.invoke.DirectMethodHandle$Holder.newInvokeSpecial(java.lang.Object, int, java.lang.Object, java.lang.Object)'> (0x0000000085c35568) 
thrown [s\src\hotspot\share\interpreter\linkResolver.cpp, line 774]
Event: 6.126 Thread 0x00000246c02f6110 Exception <a 'java/lang/NoSuchMethodError'{0x0000000085c39ce0}: 'java.lang.Object java.lang.invoke.DirectMethodHandle$Holder.invokeSpecial(java.lang.Object, java.lang.Object, int, java.lang.Object, java.lang.Object)'> (0x0000000085c39ce0) 
thrown [s\src\hotspot\share\interpreter\linkResolver.cpp, line 774]
Event: 6.364 Thread 0x00000246c02f6110 Implicit null exception at 0x00000246d046fcd5 to 0x00000246d046fd59

VM Operations (20 events):
Event: 5.413 Executing VM operation: HandshakeAllThreads done
Event: 5.414 Executing VM operation: HandshakeAllThreads
Event: 5.414 Executing VM operation: HandshakeAllThreads done
Event: 5.538 Executing VM operation: ICBufferFull
Event: 5.538 Executing VM operation: ICBufferFull done
Event: 5.625 Executing VM operation: G1CollectForAllocation
Event: 5.635 Executing VM operation: G1CollectForAllocation done
Event: 5.967 Executing VM operation: HandshakeAllThreads
Event: 5.967 Executing VM operation: HandshakeAllThreads done
Event: 5.974 Executing VM operation: ICBufferFull
Event: 5.974 Executing VM operation: ICBufferFull done
Event: 6.147 Executing VM operation: HandshakeAllThreads
Event: 6.147 Executing VM operation: HandshakeAllThreads done
Event: 6.177 Executing VM operation: HandshakeAllThreads
Event: 6.177 Executing VM operation: HandshakeAllThreads done
Event: 6.400 Executing VM operation: ICBufferFull
Event: 6.400 Executing VM operation: ICBufferFull done
Event: 6.415 Executing VM operation: HandshakeAllThreads
Event: 6.415 Executing VM operation: HandshakeAllThreads done
Event: 6.599 Executing VM operation: G1CollectForAllocation

Events (12 events):
Event: 0.045 Thread 0x00000246c02f6110 Thread added: 0x00000246c02f6110
Event: 0.089 Thread 0x00000246deff39e0 Thread added: 0x00000246deff39e0
Event: 0.089 Thread 0x00000246deff7530 Thread added: 0x00000246deff7530
Event: 0.091 Thread 0x00000246deff8420 Thread added: 0x00000246deff8420
Event: 0.091 Thread 0x00000246deffae60 Thread added: 0x00000246deffae60
Event: 0.091 Thread 0x00000246deffb790 Thread added: 0x00000246deffb790
Event: 0.091 Thread 0x00000246deffc0c0 Thread added: 0x00000246deffc0c0
Event: 0.092 Thread 0x00000246deffed30 Thread added: 0x00000246deffed30
Event: 0.096 Thread 0x00000246df04d160 Thread added: 0x00000246df04d160
Event: 0.096 Thread 0x00000246df04d6e0 Thread added: 0x00000246df04d6e0
Event: 0.136 Thread 0x00000246e34f16f0 Thread added: 0x00000246e34f16f0
Event: 0.143 Thread 0x00000246e34f4260 Thread added: 0x00000246e34f4260


Dynamic libraries:
0x00007ff705b40000 - 0x00007ff705b4d000 	C:\Users\yr\.jdks\corretto-19.0.2\bin\java.exe
0x00007fffcac90000 - 0x00007fffcae88000 	C:\WINDOWS\SYSTEM32\ntdll.dll
0x00007fffc96a0000 - 0x00007fffc975f000 	C:\WINDOWS\System32\KERNEL32.DLL
0x00007fffc8610000 - 0x00007fffc8906000 	C:\WINDOWS\System32\KERNELBASE.dll
0x00007fffc8510000 - 0x00007fffc8610000 	C:\WINDOWS\System32\ucrtbase.dll
0x00007fffc15a0000 - 0x00007fffc15b5000 	C:\Users\yr\.jdks\corretto-19.0.2\bin\VCRUNTIME140.dll
0x00007fffc15c0000 - 0x00007fffc15d7000 	C:\Users\yr\.jdks\corretto-19.0.2\bin\jli.dll
0x00007fffc8e60000 - 0x00007fffc8ffd000 	C:\WINDOWS\System32\USER32.dll
0x00007fffc8910000 - 0x00007fffc8932000 	C:\WINDOWS\System32\win32u.dll
0x00007fffb1550000 - 0x00007fffb17ea000 	C:\WINDOWS\WinSxS\amd64_microsoft.windows.common-controls_6595b64144ccf1df_6.0.19041.1110_none_60b5254171f9507e\COMCTL32.dll
0x00007fffca260000 - 0x00007fffca28c000 	C:\WINDOWS\System32\GDI32.dll
0x00007fffc8bd0000 - 0x00007fffc8ce5000 	C:\WINDOWS\System32\gdi32full.dll
0x00007fffc8aa0000 - 0x00007fffc8b3d000 	C:\WINDOWS\System32\msvcp_win.dll
0x00007fffcaa80000 - 0x00007fffcab1e000 	C:\WINDOWS\System32\msvcrt.dll
0x00007fffc9000000 - 0x00007fffc9030000 	C:\WINDOWS\System32\IMM32.DLL
0x0000000076540000 - 0x000000007654d000 	D:\360\360Safe\safemon\SafeWrapper.dll
0x00007fffc8cf0000 - 0x00007fffc8d9f000 	C:\WINDOWS\System32\ADVAPI32.dll
0x00007fffc8da0000 - 0x00007fffc8e3c000 	C:\WINDOWS\System32\sechost.dll
0x00007fffcab20000 - 0x00007fffcac46000 	C:\WINDOWS\System32\RPCRT4.dll
0x00007fffb7810000 - 0x00007fffb78bc000 	D:\360\360Safe\safemon\libzdtp64.dll
0x00007fffc9af0000 - 0x00007fffca234000 	C:\WINDOWS\System32\SHELL32.dll
0x00007fffca9c0000 - 0x00007fffcaa15000 	C:\WINDOWS\System32\SHLWAPI.dll
0x00007fffc7ef0000 - 0x00007fffc7efa000 	C:\WINDOWS\SYSTEM32\VERSION.dll
0x00007fffadba0000 - 0x00007fffadc3b000 	C:\Users\yr\.jdks\corretto-19.0.2\bin\msvcp140.dll
0x00007fff83280000 - 0x00007fff83f59000 	C:\Users\yr\.jdks\corretto-19.0.2\bin\server\jvm.dll
0x00007fffb5600000 - 0x00007fffb5627000 	C:\WINDOWS\SYSTEM32\WINMM.dll
0x00007fffb3c50000 - 0x00007fffb3c59000 	C:\WINDOWS\SYSTEM32\WSOCK32.dll
0x00007fffc9160000 - 0x00007fffc91cb000 	C:\WINDOWS\System32\WS2_32.dll
0x00007fffc6b90000 - 0x00007fffc6ba2000 	C:\WINDOWS\SYSTEM32\kernel.appcore.dll
0x00007fffc4cd0000 - 0x00007fffc4cda000 	C:\Users\yr\.jdks\corretto-19.0.2\bin\jimage.dll
0x00007fffc5150000 - 0x00007fffc5334000 	C:\WINDOWS\SYSTEM32\DBGHELP.DLL
0x00007fffb02c0000 - 0x00007fffb02f4000 	C:\WINDOWS\SYSTEM32\dbgcore.DLL
0x00007fffc8b40000 - 0x00007fffc8bc2000 	C:\WINDOWS\System32\bcryptPrimitives.dll
0x00007fffbfbf0000 - 0x00007fffbfc16000 	C:\Users\yr\.jdks\corretto-19.0.2\bin\java.dll
0x00007fff9d7e0000 - 0x00007fff9d8b6000 	C:\Users\yr\.jdks\corretto-19.0.2\bin\jsvml.dll
0x00007fffc58e0000 - 0x00007fffc6073000 	C:\WINDOWS\SYSTEM32\windows.storage.dll
0x00007fffc92c0000 - 0x00007fffc9614000 	C:\WINDOWS\System32\combase.dll
0x00007fffc7ce0000 - 0x00007fffc7d0e000 	C:\WINDOWS\SYSTEM32\Wldp.dll
0x00007fffc9890000 - 0x00007fffc993d000 	C:\WINDOWS\System32\SHCORE.dll
0x00007fffc82b0000 - 0x00007fffc82cf000 	C:\WINDOWS\SYSTEM32\profapi.dll
0x00007fffc1580000 - 0x00007fffc1593000 	C:\Users\yr\.jdks\corretto-19.0.2\bin\net.dll
0x00007fffbefb0000 - 0x00007fffbf0ba000 	C:\WINDOWS\SYSTEM32\WINHTTP.dll
0x00007fffc79d0000 - 0x00007fffc7a3a000 	C:\WINDOWS\system32\mswsock.dll
0x00007fffbf9e0000 - 0x00007fffbf9f5000 	C:\Users\yr\.jdks\corretto-19.0.2\bin\nio.dll
0x00007fffbf9c0000 - 0x00007fffbf9d8000 	C:\Users\yr\.jdks\corretto-19.0.2\bin\zip.dll
0x00007fffc2c70000 - 0x00007fffc2c80000 	C:\Users\yr\.jdks\corretto-19.0.2\bin\verify.dll

dbghelp: loaded successfully - version: 4.0.5 - missing functions: none
symbol engine: initialized successfully - sym options: 0x614 - pdb path: .;C:\Users\yr\.jdks\corretto-19.0.2\bin;C:\WINDOWS\SYSTEM32;C:\WINDOWS\WinSxS\amd64_microsoft.windows.common-controls_6595b64144ccf1df_6.0.19041.1110_none_60b5254171f9507e;D:\360\360Safe\safemon;C:\Users\yr\.jdks\corretto-19.0.2\bin\server

VM Arguments:
java_command: org.jetbrains.kotlin.cli.jvm.K2JVMCompiler @C:\Users\yr\AndroidStudioProjects\KotlinStudy\weixin\build\20231117_16089888392550002107.compiler.options
java_class_path (initial): C:\Users\yr\.gradle\caches\modules-2\files-2.1\org.jetbrains.kotlin\kotlin-compiler-embeddable\1.9.0\2c8c3a7402becca891f12739b3e9fd2dc2adbd7a\kotlin-compiler-embeddable-1.9.0.jar;C:\Users\yr\.gradle\caches\modules-2\files-2.1\org.jetbrains.kotlin\kotlin-stdlib\1.9.0\8ee15ef0c67dc83d874f412d84378d7f0eb50b63\kotlin-stdlib-1.9.0.jar;C:\Users\yr\.gradle\caches\modules-2\files-2.1\org.jetbrains.kotlin\kotlin-script-runtime\1.9.0\4b3102cbbb7e1b58d9d1adf89563f00069ffa7d1\kotlin-script-runtime-1.9.0.jar;C:\Users\yr\.gradle\caches\modules-2\files-2.1\org.jetbrains.kotlin\kotlin-reflect\1.6.10\1cbe9c92c12a94eea200d23c2bbaedaf3daf5132\kotlin-reflect-1.6.10.jar;C:\Users\yr\.gradle\caches\modules-2\files-2.1\org.jetbrains.kotlin\kotlin-daemon-embeddable\1.9.0\186543f5e28cf8d9a0290fecc2cf34301c40a65c\kotlin-daemon-embeddable-1.9.0.jar;C:\Users\yr\.gradle\caches\modules-2\files-2.1\org.jetbrains.intellij.deps\trove4j\1.0.20200330\3afb14d5f9ceb459d724e907a21145e8ff394f02\trove4j-1.0.20200330.jar;C:\Users\yr\.gradle\caches\modules-2\files-2.1\org.jetbrains.kotlin\kotlin-stdlib-common\1.9.0\cd65c21cfd1eec4d44ef09f9f52b6d9f8a720636\kotlin-stdlib-common-1.9.0.jar;C:\Users\yr\.gradle\caches\modules-2\files-2.1\org.jetbrains\annotations\13.0\919f0dfe192fb4e063e7dacadee7f8bb9a2672a9\annotations-13.0.jar
Launcher Type: SUN_STANDARD

[Global flags]
     intx CICompilerCount                          = 3                                         {product} {ergonomic}
     uint ConcGCThreads                            = 1                                         {product} {ergonomic}
     uint G1ConcRefinementThreads                  = 4                                         {product} {ergonomic}
   size_t G1HeapRegionSize                         = 1048576                                   {product} {ergonomic}
    uintx GCDrainStackTargetSize                   = 64                                        {product} {ergonomic}
   size_t InitialHeapSize                          = 134217728                                 {product} {ergonomic}
   size_t MarkStackSize                            = 4194304                                   {product} {ergonomic}
   size_t MaxHeapSize                              = 2122317824                                {product} {ergonomic}
   size_t MaxNewSize                               = 1272971264                                {product} {ergonomic}
   size_t MinHeapDeltaBytes                        = 1048576                                   {product} {ergonomic}
   size_t MinHeapSize                              = 8388608                                   {product} {ergonomic}
    uintx NonNMethodCodeHeapSize                   = 5832780                                {pd product} {ergonomic}
    uintx NonProfiledCodeHeapSize                  = 122912730                              {pd product} {ergonomic}
    uintx ProfiledCodeHeapSize                     = 122912730                              {pd product} {ergonomic}
    uintx ReservedCodeCacheSize                    = 251658240                              {pd product} {ergonomic}
     bool SegmentedCodeCache                       = true                                      {product} {ergonomic}
   size_t SoftMaxHeapSize                          = 2122317824                             {manageable} {ergonomic}
     bool UseCompressedClassPointers               = true                           {product lp64_product} {ergonomic}
     bool UseCompressedOops                        = true                           {product lp64_product} {ergonomic}
     bool UseG1GC                                  = true                                      {product} {ergonomic}
     bool UseLargePagesIndividualAllocation        = false                                  {pd product} {ergonomic}

Logging:
Log output configuration:
 #0: stdout all=warning uptime,level,tags foldmultilines=false
 #1: stderr all=off uptime,level,tags foldmultilines=false

Environment Variables:
CLASSPATH=.;%JAVA_HOME%\lib\dt.jar;%JAVA_HOME%\lib\tools.jar;
PATH=C:\WINDOWS\system32;C:\WINDOWS;C:\WINDOWS\System32\Wbem;C:\WINDOWS\System32\WindowsPowerShell\v1.0\;C:\Program Files\Intel\WiFi\bin\;C:\Program Files\Common Files\Intel\WirelessCommon\;C:\Program Files (x86)\Intel\Intel(R) Management Engine Components\DAL;C:\Program Files\Intel\Intel(R) Management Engine Components\DAL;C:\WINDOWS\System32\OpenSSH\;%JAVA_HOME%\bin;C:\Program Files\dotnet\;D:\soft\Git\cmd;D:\soft\TortoiseGit\bin;C:\Users\yr\AppData\Local\Microsoft\WindowsApps;D:\Program Files\ffmpeg-20200205-e6891d1-win64-static\bin;C:\Users\yr\AppData\Local\Microsoft\WindowsApps;E:\Develop\JDK\bin;C:\Users\yr\AppData\Local\Android\Sdk\platform-tools;
USERNAME=yr
OS=Windows_NT
PROCESSOR_IDENTIFIER=Intel64 Family 6 Model 142 Stepping 9, GenuineIntel
TMP=C:\Users\yr\AppData\Local\Temp
TEMP=C:\Users\yr\AppData\Local\Temp



---------------  S Y S T E M  ---------------

OS:
 Windows 10 , 64 bit Build 19041 (10.0.19041.3031)
OS uptime: 3 days 5:26 hours

CPU: total 4 (initial active 4) (2 cores per cpu, 2 threads per core) family 6 model 142 stepping 9 microcode 0xc6, cx8, cmov, fxsr, ht, mmx, 3dnowpref, sse, sse2, sse3, ssse3, sse4.1, sse4.2, popcnt, lzcnt, tsc, tscinvbit, avx, avx2, aes, erms, clmul, bmi1, bmi2, adx, fma, vzeroupper, clflush, clflushopt, rdtscp

Memory: 4k page, system-wide physical 8090M (218M free)
TotalPageFile size 14234M (AvailPageFile size 46M)
current process WorkingSet (physical memory assigned to process): 233M, peak: 233M
current process commit charge ("private bytes"): 311M, peak: 364M

vm_info: OpenJDK 64-Bit Server VM (19.0.2+7-FR) for windows-amd64 JRE (19.0.2+7-FR), built on Jan 13 2023 22:53:32 by "Administrator" with MS VC++ 15.9 (VS2017)

END.
